[2020-03-18 15:38:46] Текст ошибки: syntax error, unexpected 'endif' (T_ENDIF), expecting end of file | Файл: D:\OSPanel\domains\ishop2.loc\app\views\Main\index.php | Строка: 42
=================
[2020-03-18 16:18:27] Текст ошибки: Контроллер app\controllers\CartController не найден | Файл: D:\OSPanel\domains\ishop2.loc\vendor\ishop\core\Router.php | Строка: 39
=================
[2020-03-20 21:56:55] Текст ошибки: Too few arguments to function ishop\Registry::setProperty(), 1 passed in D:\OSPanel\domains\ishop2.loc\app\widgets\currency\Currency.php on line 23 and exactly 2 expected | Файл: D:\OSPanel\domains\ishop2.loc\vendor\ishop\core\Registry.php | Строка: 11
=================
[2020-03-20 21:57:35] Текст ошибки: Too few arguments to function ishop\Registry::setProperty(), 1 passed in D:\OSPanel\domains\ishop2.loc\app\widgets\currency\Currency.php on line 23 and exactly 2 expected | Файл: D:\OSPanel\domains\ishop2.loc\vendor\ishop\core\Registry.php | Строка: 11
=================
[2020-03-20 21:57:51] Текст ошибки: Too few arguments to function ishop\Registry::setProperty(), 1 passed in D:\OSPanel\domains\ishop2.loc\app\widgets\currency\Currency.php on line 23 and exactly 2 expected | Файл: D:\OSPanel\domains\ishop2.loc\vendor\ishop\core\Registry.php | Строка: 11
=================
[2020-03-20 21:58:24] Текст ошибки: Too few arguments to function ishop\Registry::setProperty(), 1 passed in D:\OSPanel\domains\ishop2.loc\app\widgets\currency\Currency.php on line 23 and exactly 2 expected | Файл: D:\OSPanel\domains\ishop2.loc\vendor\ishop\core\Registry.php | Строка: 11
=================
[2020-03-20 21:58:54] Текст ошибки: Too few arguments to function ishop\Registry::setProperty(), 1 passed in D:\OSPanel\domains\ishop2.loc\app\widgets\currency\Currency.php on line 23 and exactly 2 expected | Файл: D:\OSPanel\domains\ishop2.loc\vendor\ishop\core\Registry.php | Строка: 11
=================
[2020-03-20 21:59:47] Текст ошибки: Too few arguments to function ishop\Registry::setProperty(), 1 passed in D:\OSPanel\domains\ishop2.loc\app\widgets\currency\Currency.php on line 23 and exactly 2 expected | Файл: D:\OSPanel\domains\ishop2.loc\vendor\ishop\core\Registry.php | Строка: 11
=================
[2020-04-25 23:16:28] Текст ошибки: Контроллер app\controllers\CategoryController не найден | Файл: D:\OSPanel\domains\ishop2.loc\vendor\ishop\core\Router.php | Строка: 39
=================
[2020-04-25 23:24:03] Текст ошибки: Страница не найдена | Файл: D:\OSPanel\domains\ishop2.loc\vendor\ishop\core\Router.php | Строка: 42
=================
[2020-04-25 23:24:15] Текст ошибки: Страница не найдена | Файл: D:\OSPanel\domains\ishop2.loc\vendor\ishop\core\Router.php | Строка: 42
=================
[2020-04-25 23:28:18] Текст ошибки: Контроллер app\controllers\ProductController не найден | Файл: D:\OSPanel\domains\ishop2.loc\vendor\ishop\core\Router.php | Строка: 39
=================
[2020-04-25 23:39:59] Текст ошибки: Страница не найдена | Файл: D:\OSPanel\domains\ishop2.loc\app\controllers\ProductController.php | Строка: 14
=================
[2020-04-26 00:11:53] Текст ошибки: syntax error, unexpected '}', expecting identifier (T_STRING) or variable (T_VARIABLE) or '{' or '$' | Файл: D:\OSPanel\domains\ishop2.loc\app\controllers\ProductController.php | Строка: 32
=================
[2020-04-26 00:12:01] Текст ошибки: syntax error, unexpected '}', expecting identifier (T_STRING) or variable (T_VARIABLE) or '{' or '$' | Файл: D:\OSPanel\domains\ishop2.loc\app\controllers\ProductController.php | Строка: 32
=================
[2020-04-26 00:12:04] Текст ошибки: syntax error, unexpected '}', expecting identifier (T_STRING) or variable (T_VARIABLE) or '{' or '$' | Файл: D:\OSPanel\domains\ishop2.loc\app\controllers\ProductController.php | Строка: 32
=================
[2020-04-26 00:26:23] Текст ошибки: syntax error, unexpected end of file, expecting elseif (T_ELSEIF) or else (T_ELSE) or endif (T_ENDIF) | Файл: D:\OSPanel\domains\ishop2.loc\app\views\Product\view.php | Строка: 258
=================
[2020-04-26 00:35:55] Текст ошибки: Контроллер app\controllers\CategoryController не найден | Файл: D:\OSPanel\domains\ishop2.loc\vendor\ishop\core\Router.php | Строка: 39
=================
[2020-04-26 00:41:07] Текст ошибки: Контроллер app\controllers\CartController не найден | Файл: D:\OSPanel\domains\ishop2.loc\vendor\ishop\core\Router.php | Строка: 39
=================
